#
# A fatal error has been detected by the Java Runtime Environment:
#
#  EXCEPTION_PRIV_INSTRUCTION (0xc0000096) at pc=0x0000016f24ed8a7d, pid=1940, tid=1324
#
# JRE version: Java(TM) SE Runtime Environment (12.0+33) (build 12+33)
# Java VM: Java HotSpot(TM) 64-Bit Server VM (12+33, mixed mode, sharing, tiered, compressed oops, g1 gc, windows-amd64)
# Problematic frame:
# j  AlienHorde.moveEmAll()V+13
#
# No core dump will be written. Minidumps are not enabled by default on client versions of Windows
#
# If you would like to submit a bug report, please visit:
#   http://bugreport.java.com/bugreport/crash.jsp
#

---------------  S U M M A R Y ------------

Command Line: -agentlib:jdwp=transport=dt_socket,suspend=y,address=localhost:53069 -javaagent:C:\Users\cheverdyukd8338\eclipse\java-2021-12\eclipse\configuration\org.eclipse.osgi\224\0\.cp\lib\javaagent-shaded.jar -Dfile.encoding=Cp1252 StarFighter

Host: Intel(R) Core(TM) i5-6500 CPU @ 3.20GHz, 4 cores, 15G,  Windows 10 , 64 bit Build 17763 (10.0.17763.2803)
Time: Thu May 12 08:19:25 2022 Pacific Daylight Time elapsed time: 132 seconds (0d 0h 2m 12s)

---------------  T H R E A D  ---------------

Current thread (0x0000016f4147b000):  JavaThread "AWT-EventQueue-0" [_thread_in_Java, id=1324, stack(0x0000000a03700000,0x0000000a03800000)]

Stack: [0x0000000a03700000,0x0000000a03800000],  sp=0x0000000a037fe750,  free space=1017k
Native frames: (J=compiled Java code, j=interpreted, Vv=VM code, C=native code)
C  0x0000016f24ed8a7d


siginfo: EXCEPTION_PRIV_INSTRUCTION (0xc0000096)


Register to memory mapping:

RIP=0x0000016f24ed8a7d is at code_begin+253 in an Interpreter codelet
error exits  [0x0000016f24ed8980, 0x0000016f24ed8a80]  256 bytes
RAX=0x0 is NULL
RBX=0x00000000000000cb is an unknown value
RCX=0x0 is NULL
RDX=0x0 is NULL
RSP=0x0000000a037fe750 is pointing into the stack for thread: 0x0000016f4147b000
RBP=0x0000000a037fe818 is pointing into the stack for thread: 0x0000016f4147b000
RSI=0x0 is NULL
RDI=0x0 is NULL
R8 =0x0000000000000061 is an unknown value
R9 =0x0000000000000061 is an unknown value
R10=0x0 is NULL
R11=0x0000000000000061 is an unknown value
R12=0x0 is NULL
R13=0x0000016f42fd7726 is pointing into metadata
R14=0x0000000a037fe838 is pointing into the stack for thread: 0x0000016f4147b000
R15=0x0000016f4147b000 is a thread


Registers:
RAX=0x0000000000000000, RBX=0x00000000000000cb, RCX=0x0000000000000000, RDX=0x0000000000000000
RSP=0x0000000a037fe750, RBP=0x0000000a037fe818, RSI=0x0000000000000000, RDI=0x0000000000000000
R8 =0x0000000000000061, R9 =0x0000000000000061, R10=0x0000000000000000, R11=0x0000000000000061
R12=0x0000000000000000, R13=0x0000016f42fd7726, R14=0x0000000a037fe838, R15=0x0000016f4147b000
RIP=0x0000016f24ed8a7d, EFLAGS=0x0000000000010202

Top of Stack: (sp=0x0000000a037fe750)
0x0000000a037fe750:   0000016f4147b000 00000000000000cb
0x0000000a037fe760:   0000000a037fe818 0000000000000000
0x0000000a037fe770:   0000016f42fd7828 00007fff07340c70
0x0000000a037fe780:   0000000000000004 0000000000000004
0x0000000a037fe790:   0000000000000000 0000000000000000
0x0000000a037fe7a0:   0000000a037fe818 0000000a037fe7d0
0x0000000a037fe7b0:   00000000000000cb 0000016f40b34038
0x0000000a037fe7c0:   0000000000000000 00000000ffffffff
0x0000000a037fe7d0:   0000000a037fe7d0 0000016f42fd7725
0x0000000a037fe7e0:   0000000a037fe838 0000016f42fd8c78
0x0000000a037fe7f0:   0000000000000000 00000007116178c0
0x0000000a037fe800:   0000016f42fd7828 0000000000000000
0x0000000a037fe810:   0000000a037fe840 000000070ffd4220
0x0000000a037fe820:   0000016f2ca8a0bc 0000000000000000
0x0000000a037fe830:   0000000000000002 0000000711672398
0x0000000a037fe840:   0000000800000258 0000016f4147b000 

Instructions: (pc=0x0000016f24ed8a7d)
0x0000016f24ed8a5d:   00 00 48 ba ff 89 ed 24 6f 01 00 00 4c 8b c4 48
0x0000016f24ed8a6d:   83 e4 f0 49 ba c0 eb df 06 ff 7f 00 00 41 ff d2
0x0000016f24ed8a7d:   f4 66 90 c0 21 00 00 00 00 00 00 68 08 17 07 ff
0x0000016f24ed8a8d:   7f 00 00 ff ff ff ff 00 00 00 00 00 00 00 00 00 


Stack slot to memory mapping:
stack at sp + 0 slots: 0x0000016f4147b000 is a thread
stack at sp + 1 slots: 0x00000000000000cb is an unknown value
stack at sp + 2 slots: 0x0000000a037fe818 is pointing into the stack for thread: 0x0000016f4147b000
stack at sp + 3 slots: 0x0 is NULL
stack at sp + 4 slots: {method} {0x0000016f42fd7830} 'moveEmAll' '()V' in 'AlienHorde'
stack at sp + 5 slots: 0x00007fff07340c70 jvm.dll
stack at sp + 6 slots: 0x0000000000000004 is an unknown value
stack at sp + 7 slots: 0x0000000000000004 is an unknown value

error exits  [0x0000016f24ed8980, 0x0000016f24ed8a80]  256 bytes

---------------  P R O C E S S  ---------------

Threads class SMR info:
_java_thread_list=0x0000016f41469a70, length=18, elements={
0x0000016f40240800, 0x0000016f4024c000, 0x0000016f40258800, 0x0000016f4025a800,
0x0000016f4025d800, 0x0000016f40af3000, 0x0000016f40b03800, 0x0000016f40ae0800,
0x0000016f40cdd000, 0x0000016f40ce0800, 0x0000016f40ce1800, 0x0000016f40db8000,
0x0000016f40e0b800, 0x0000016f40dfe800, 0x0000016f40dff800, 0x0000016f41403800,
0x0000016f4147b000, 0x0000016f1b2e0000
}

Java Threads: ( => current thread )
  0x0000016f40240800 JavaThread "Reference Handler" daemon [_thread_blocked, id=5092, stack(0x0000000a02600000,0x0000000a02700000)]
  0x0000016f4024c000 JavaThread "Finalizer" daemon [_thread_blocked, id=3612, stack(0x0000000a02700000,0x0000000a02800000)]
  0x0000016f40258800 JavaThread "Signal Dispatcher" daemon [_thread_blocked, id=7100, stack(0x0000000a02800000,0x0000000a02900000)]
  0x0000016f4025a800 JavaThread "Attach Listener" daemon [_thread_blocked, id=1860, stack(0x0000000a02900000,0x0000000a02a00000)]
  0x0000016f4025d800 JavaThread "C2 CompilerThread0" daemon [_thread_blocked, id=4204, stack(0x0000000a02a00000,0x0000000a02b00000)]
  0x0000016f40af3000 JavaThread "C1 CompilerThread0" daemon [_thread_blocked, id=6252, stack(0x0000000a02b00000,0x0000000a02c00000)]
  0x0000016f40b03800 JavaThread "Sweeper thread" daemon [_thread_blocked, id=7640, stack(0x0000000a02c00000,0x0000000a02d00000)]
  0x0000016f40ae0800 JavaThread "Common-Cleaner" daemon [_thread_blocked, id=2220, stack(0x0000000a02d00000,0x0000000a02e00000)]
  0x0000016f40cdd000 JavaThread "JDWP Transport Listener: dt_socket" daemon [_thread_blocked, id=3048, stack(0x0000000a02e00000,0x0000000a02f00000)]
  0x0000016f40ce0800 JavaThread "JDWP Event Helper Thread" daemon [_thread_blocked, id=7488, stack(0x0000000a02f00000,0x0000000a03000000)]
  0x0000016f40ce1800 JavaThread "JDWP Command Reader" daemon [_thread_in_native, id=7720, stack(0x0000000a03000000,0x0000000a03100000)]
  0x0000016f40db8000 JavaThread "Service Thread" daemon [_thread_blocked, id=7688, stack(0x0000000a03100000,0x0000000a03200000)]
  0x0000016f40e0b800 JavaThread "Java2D Disposer" daemon [_thread_blocked, id=1952, stack(0x0000000a03300000,0x0000000a03400000)]
  0x0000016f40dfe800 JavaThread "AWT-Shutdown" [_thread_blocked, id=6532, stack(0x0000000a03400000,0x0000000a03500000)]
  0x0000016f40dff800 JavaThread "AWT-Windows" daemon [_thread_in_native, id=8984, stack(0x0000000a03500000,0x0000000a03600000)]
  0x0000016f41403800 JavaThread "Thread-0" [_thread_blocked, id=2484, stack(0x0000000a03600000,0x0000000a03700000)]
=>0x0000016f4147b000 JavaThread "AWT-EventQueue-0" [_thread_in_Java, id=1324, stack(0x0000000a03700000,0x0000000a03800000)]
  0x0000016f1b2e0000 JavaThread "DestroyJavaVM" [_thread_blocked, id=5304, stack(0x0000000a01f00000,0x0000000a02000000)]

Other Threads:
  0x0000016f4023d000 VMThread "VM Thread" [stack: 0x0000000a02500000,0x0000000a02600000] [id=2180]
  0x0000016f412a0800 WatcherThread [stack: 0x0000000a03200000,0x0000000a03300000] [id=2896]
  0x0000016f1b343000 GCTaskThread "GC Thread#0" [stack: 0x0000000a02000000,0x0000000a02100000] [id=4380]
  0x0000016f41471800 GCTaskThread "GC Thread#1" [stack: 0x0000000a03800000,0x0000000a03900000] [id=4912]
  0x0000016f41472000 GCTaskThread "GC Thread#2" [stack: 0x0000000a03900000,0x0000000a03a00000] [id=3064]
  0x0000016f41473000 GCTaskThread "GC Thread#3" [stack: 0x0000000a03a00000,0x0000000a03b00000] [id=3628]
  0x0000016f1b35e800 ConcurrentGCThread "G1 Main Marker" [stack: 0x0000000a02100000,0x0000000a02200000] [id=8408]
  0x0000016f1b360000 ConcurrentGCThread "G1 Conc#0" [stack: 0x0000000a02200000,0x0000000a02300000] [id=1880]
  0x0000016f40138000 ConcurrentGCThread "G1 Refine#0" [stack: 0x0000000a02300000,0x0000000a02400000] [id=2808]
  0x0000016f4013a000 ConcurrentGCThread "G1 Young RemSet Sampling" [stack: 0x0000000a02400000,0x0000000a02500000] [id=8516]

Threads with active compile tasks:

VM state:not at safepoint (normal execution)

VM Mutex/Monitor currently owned by a thread: None

Heap address: 0x0000000702800000, size: 4056 MB, Compressed Oops mode: Zero based, Oop shift amount: 3
Narrow klass base: 0x0000000800000000, Narrow klass shift: 3
Compressed class space size: 1073741824 Address: 0x00000008011a0000

Heap:
 garbage-first heap   total 260096K, used 43600K [0x0000000702800000, 0x0000000800000000)
  region size 1024K, 39 young (39936K), 2 survivors (2048K)
 Metaspace       used 9616K, capacity 9916K, committed 10112K, reserved 1058816K
  class space    used 989K, capacity 1127K, committed 1152K, reserved 1048576K
Heap Regions: E=young(eden), S=young(survivor), O=old, HS=humongous(starts), HC=humongous(continues), CS=collection set, F=free, A=archive, TAMS=top-at-mark-start (previous, next)
|   0|0x0000000702800000, 0x0000000702900000, 0x0000000702900000|100%|HS|  |TAMS 0x0000000702800000, 0x0000000702800000| Complete 
|   1|0x0000000702900000, 0x0000000702a00000, 0x0000000702a00000|100%|HC|  |TAMS 0x0000000702900000, 0x0000000702900000| Complete 
|   2|0x0000000702a00000, 0x0000000702a94200, 0x0000000702b00000| 57%| O|  |TAMS 0x0000000702a00000, 0x0000000702a00000| Untracked 
|   3|0x0000000702b00000, 0x0000000702c00000, 0x0000000702c00000|100%|HS|  |TAMS 0x0000000702b00000, 0x0000000702b00000| Complete 
|   4|0x0000000702c00000, 0x0000000702d00000, 0x0000000702d00000|100%|HC|  |TAMS 0x0000000702c00000, 0x0000000702c00000| Complete 
|   5|0x0000000702d00000, 0x0000000702d00000, 0x0000000702e00000|  0%| F|  |TAMS 0x0000000702d00000, 0x0000000702d00000| Untracked 
|   6|0x0000000702e00000, 0x0000000702e00000, 0x0000000702f00000|  0%| F|  |TAMS 0x0000000702e00000, 0x0000000702e00000| Untracked 
|   7|0x0000000702f00000, 0x0000000702f00000, 0x0000000703000000|  0%| F|  |TAMS 0x0000000702f00000, 0x0000000702f00000| Untracked 
|   8|0x0000000703000000, 0x0000000703000000, 0x0000000703100000|  0%| F|  |TAMS 0x0000000703000000, 0x0000000703000000| Untracked 
|   9|0x0000000703100000, 0x0000000703100000, 0x0000000703200000|  0%| F|  |TAMS 0x0000000703100000, 0x0000000703100000| Untracked 
|  10|0x0000000703200000, 0x0000000703200000, 0x0000000703300000|  0%| F|  |TAMS 0x0000000703200000, 0x0000000703200000| Untracked 
|  11|0x0000000703300000, 0x0000000703300000, 0x0000000703400000|  0%| F|  |TAMS 0x0000000703300000, 0x0000000703300000| Untracked 
|  12|0x0000000703400000, 0x0000000703400000, 0x0000000703500000|  0%| F|  |TAMS 0x0000000703400000, 0x0000000703400000| Untracked 
|  13|0x0000000703500000, 0x0000000703500000, 0x0000000703600000|  0%| F|  |TAMS 0x0000000703500000, 0x0000000703500000| Untracked 
|  14|0x0000000703600000, 0x0000000703600000, 0x0000000703700000|  0%| F|  |TAMS 0x0000000703600000, 0x0000000703600000| Untracked 
|  15|0x0000000703700000, 0x0000000703700000, 0x0000000703800000|  0%| F|  |TAMS 0x0000000703700000, 0x0000000703700000| Untracked 
|  16|0x0000000703800000, 0x0000000703800000, 0x0000000703900000|  0%| F|  |TAMS 0x0000000703800000, 0x0000000703800000| Untracked 
|  17|0x0000000703900000, 0x0000000703900000, 0x0000000703a00000|  0%| F|  |TAMS 0x0000000703900000, 0x0000000703900000| Untracked 
|  18|0x0000000703a00000, 0x0000000703a00000, 0x0000000703b00000|  0%| F|  |TAMS 0x0000000703a00000, 0x0000000703a00000| Untracked 
|  19|0x0000000703b00000, 0x0000000703b00000, 0x0000000703c00000|  0%| F|  |TAMS 0x0000000703b00000, 0x0000000703b00000| Untracked 
|  20|0x0000000703c00000, 0x0000000703c00000, 0x0000000703d00000|  0%| F|  |TAMS 0x0000000703c00000, 0x0000000703c00000| Untracked 
|  21|0x0000000703d00000, 0x0000000703d00000, 0x0000000703e00000|  0%| F|  |TAMS 0x0000000703d00000, 0x0000000703d00000| Untracked 
|  22|0x0000000703e00000, 0x0000000703e00000, 0x0000000703f00000|  0%| F|  |TAMS 0x0000000703e00000, 0x0000000703e00000| Untracked 
|  23|0x0000000703f00000, 0x0000000703f00000, 0x0000000704000000|  0%| F|  |TAMS 0x0000000703f00000, 0x0000000703f00000| Untracked 
|  24|0x0000000704000000, 0x0000000704000000, 0x0000000704100000|  0%| F|  |TAMS 0x0000000704000000, 0x0000000704000000| Untracked 
|  25|0x0000000704100000, 0x0000000704100000, 0x0000000704200000|  0%| F|  |TAMS 0x0000000704100000, 0x0000000704100000| Untracked 
|  26|0x0000000704200000, 0x0000000704200000, 0x0000000704300000|  0%| F|  |TAMS 0x0000000704200000, 0x0000000704200000| Untracked 
|  27|0x0000000704300000, 0x0000000704300000, 0x0000000704400000|  0%| F|  |TAMS 0x0000000704300000, 0x0000000704300000| Untracked 
|  28|0x0000000704400000, 0x0000000704400000, 0x0000000704500000|  0%| F|  |TAMS 0x0000000704400000, 0x0000000704400000| Untracked 
|  29|0x0000000704500000, 0x0000000704500000, 0x0000000704600000|  0%| F|  |TAMS 0x0000000704500000, 0x0000000704500000| Untracked 
|  30|0x0000000704600000, 0x0000000704600000, 0x0000000704700000|  0%| F|  |TAMS 0x0000000704600000, 0x0000000704600000| Untracked 
|  31|0x0000000704700000, 0x0000000704700000, 0x0000000704800000|  0%| F|  |TAMS 0x0000000704700000, 0x0000000704700000| Untracked 
|  32|0x0000000704800000, 0x0000000704800000, 0x0000000704900000|  0%| F|  |TAMS 0x0000000704800000, 0x0000000704800000| Untracked 
|  33|0x0000000704900000, 0x0000000704900000, 0x0000000704a00000|  0%| F|  |TAMS 0x0000000704900000, 0x0000000704900000| Untracked 
|  34|0x0000000704a00000, 0x0000000704a00000, 0x0000000704b00000|  0%| F|  |TAMS 0x0000000704a00000, 0x0000000704a00000| Untracked 
|  35|0x0000000704b00000, 0x0000000704b00000, 0x0000000704c00000|  0%| F|  |TAMS 0x0000000704b00000, 0x0000000704b00000| Untracked 
|  36|0x0000000704c00000, 0x0000000704c00000, 0x0000000704d00000|  0%| F|  |TAMS 0x0000000704c00000, 0x0000000704c00000| Untracked 
|  37|0x0000000704d00000, 0x0000000704d00000, 0x0000000704e00000|  0%| F|  |TAMS 0x0000000704d00000, 0x0000000704d00000| Untracked 
|  38|0x0000000704e00000, 0x0000000704e00000, 0x0000000704f00000|  0%| F|  |TAMS 0x0000000704e00000, 0x0000000704e00000| Untracked 
|  39|0x0000000704f00000, 0x0000000704f00000, 0x0000000705000000|  0%| F|  |TAMS 0x0000000704f00000, 0x0000000704f00000| Untracked 
|  40|0x0000000705000000, 0x0000000705000000, 0x0000000705100000|  0%| F|  |TAMS 0x0000000705000000, 0x0000000705000000| Untracked 
|  41|0x0000000705100000, 0x0000000705100000, 0x0000000705200000|  0%| F|  |TAMS 0x0000000705100000, 0x0000000705100000| Untracked 
|  42|0x0000000705200000, 0x0000000705200000, 0x0000000705300000|  0%| F|  |TAMS 0x0000000705200000, 0x0000000705200000| Untracked 
|  43|0x0000000705300000, 0x0000000705300000, 0x0000000705400000|  0%| F|  |TAMS 0x0000000705300000, 0x0000000705300000| Untracked 
|  44|0x0000000705400000, 0x0000000705400000, 0x0000000705500000|  0%| F|  |TAMS 0x0000000705400000, 0x0000000705400000| Untracked 
|  45|0x0000000705500000, 0x0000000705500000, 0x0000000705600000|  0%| F|  |TAMS 0x0000000705500000, 0x0000000705500000| Untracked 
|  46|0x0000000705600000, 0x0000000705600000, 0x0000000705700000|  0%| F|  |TAMS 0x0000000705600000, 0x0000000705600000| Untracked 
|  47|0x0000000705700000, 0x0000000705700000, 0x0000000705800000|  0%| F|  |TAMS 0x0000000705700000, 0x0000000705700000| Untracked 
|  48|0x0000000705800000, 0x0000000705800000, 0x0000000705900000|  0%| F|  |TAMS 0x0000000705800000, 0x0000000705800000| Untracked 
|  49|0x0000000705900000, 0x0000000705900000, 0x0000000705a00000|  0%| F|  |TAMS 0x0000000705900000, 0x0000000705900000| Untracked 
|  50|0x0000000705a00000, 0x0000000705a00000, 0x0000000705b00000|  0%| F|  |TAMS 0x0000000705a00000, 0x0000000705a00000| Untracked 
|  51|0x0000000705b00000, 0x0000000705b00000, 0x0000000705c00000|  0%| F|  |TAMS 0x0000000705b00000, 0x0000000705b00000| Untracked 
|  52|0x0000000705c00000, 0x0000000705c00000, 0x0000000705d00000|  0%| F|  |TAMS 0x0000000705c00000, 0x0000000705c00000| Untracked 
|  53|0x0000000705d00000, 0x0000000705d00000, 0x0000000705e00000|  0%| F|  |TAMS 0x0000000705d00000, 0x0000000705d00000| Untracked 
|  54|0x0000000705e00000, 0x0000000705e00000, 0x0000000705f00000|  0%| F|  |TAMS 0x0000000705e00000, 0x0000000705e00000| Untracked 
|  55|0x0000000705f00000, 0x0000000705f00000, 0x0000000706000000|  0%| F|  |TAMS 0x0000000705f00000, 0x0000000705f00000| Untracked 
|  56|0x0000000706000000, 0x0000000706000000, 0x0000000706100000|  0%| F|  |TAMS 0x0000000706000000, 0x0000000706000000| Untracked 
|  57|0x0000000706100000, 0x0000000706100000, 0x0000000706200000|  0%| F|  |TAMS 0x0000000706100000, 0x0000000706100000| Untracked 
|  58|0x0000000706200000, 0x0000000706200000, 0x0000000706300000|  0%| F|  |TAMS 0x0000000706200000, 0x0000000706200000| Untracked 
|  59|0x0000000706300000, 0x0000000706300000, 0x0000000706400000|  0%| F|  |TAMS 0x0000000706300000, 0x0000000706300000| Untracked 
|  60|0x0000000706400000, 0x0000000706400000, 0x0000000706500000|  0%| F|  |TAMS 0x0000000706400000, 0x0000000706400000| Untracked 
|  61|0x0000000706500000, 0x0000000706500000, 0x0000000706600000|  0%| F|  |TAMS 0x0000000706500000, 0x0000000706500000| Untracked 
|  62|0x0000000706600000, 0x0000000706600000, 0x0000000706700000|  0%| F|  |TAMS 0x0000000706600000, 0x0000000706600000| Untracked 
|  63|0x0000000706700000, 0x0000000706700000, 0x0000000706800000|  0%| F|  |TAMS 0x0000000706700000, 0x0000000706700000| Untracked 
|  64|0x0000000706800000, 0x0000000706800000, 0x0000000706900000|  0%| F|  |TAMS 0x0000000706800000, 0x0000000706800000| Untracked 
|  65|0x0000000706900000, 0x0000000706900000, 0x0000000706a00000|  0%| F|  |TAMS 0x0000000706900000, 0x0000000706900000| Untracked 
|  66|0x0000000706a00000, 0x0000000706a00000, 0x0000000706b00000|  0%| F|  |TAMS 0x0000000706a00000, 0x0000000706a00000| Untracked 
|  67|0x0000000706b00000, 0x0000000706b00000, 0x0000000706c00000|  0%| F|  |TAMS 0x0000000706b00000, 0x0000000706b00000| Untracked 
|  68|0x0000000706c00000, 0x0000000706c00000, 0x0000000706d00000|  0%| F|  |TAMS 0x0000000706c00000, 0x0000000706c00000| Untracked 
|  69|0x0000000706d00000, 0x0000000706d00000, 0x0000000706e00000|  0%| F|  |TAMS 0x0000000706d00000, 0x0000000706d00000| Untracked 
|  70|0x0000000706e00000, 0x0000000706e00000, 0x0000000706f00000|  0%| F|  |TAMS 0x0000000706e00000, 0x0000000706e00000| Untracked 
|  71|0x0000000706f00000, 0x0000000706f00000, 0x0000000707000000|  0%| F|  |TAMS 0x0000000706f00000, 0x0000000706f00000| Untracked 
|  72|0x0000000707000000, 0x0000000707000000, 0x0000000707100000|  0%| F|  |TAMS 0x0000000707000000, 0x0000000707000000| Untracked 
|  73|0x0000000707100000, 0x0000000707100000, 0x0000000707200000|  0%| F|  |TAMS 0x0000000707100000, 0x0000000707100000| Untracked 
|  74|0x0000000707200000, 0x0000000707200000, 0x0000000707300000|  0%| F|  |TAMS 0x0000000707200000, 0x0000000707200000| Untracked 
|  75|0x0000000707300000, 0x0000000707300000, 0x0000000707400000|  0%| F|  |TAMS 0x0000000707300000, 0x0000000707300000| Untracked 
|  76|0x0000000707400000, 0x0000000707400000, 0x0000000707500000|  0%| F|  |TAMS 0x0000000707400000, 0x0000000707400000| Untracked 
|  77|0x0000000707500000, 0x0000000707500000, 0x0000000707600000|  0%| F|  |TAMS 0x0000000707500000, 0x0000000707500000| Untracked 
|  78|0x0000000707600000, 0x0000000707600000, 0x0000000707700000|  0%| F|  |TAMS 0x0000000707600000, 0x0000000707600000| Untracked 
|  79|0x0000000707700000, 0x0000000707700000, 0x0000000707800000|  0%| F|  |TAMS 0x0000000707700000, 0x0000000707700000| Untracked 
|  80|0x0000000707800000, 0x0000000707800000, 0x0000000707900000|  0%| F|  |TAMS 0x0000000707800000, 0x0000000707800000| Untracked 
|  81|0x0000000707900000, 0x0000000707900000, 0x0000000707a00000|  0%| F|  |TAMS 0x0000000707900000, 0x0000000707900000| Untracked 
|  82|0x0000000707a00000, 0x0000000707a00000, 0x0000000707b00000|  0%| F|  |TAMS 0x0000000707a00000, 0x0000000707a00000| Untracked 
|  83|0x0000000707b00000, 0x0000000707b00000, 0x0000000707c00000|  0%| F|  |TAMS 0x0000000707b00000, 0x0000000707b00000| Untracked 
|  84|0x0000000707c00000, 0x0000000707c00000, 0x0000000707d00000|  0%| F|  |TAMS 0x0000000707c00000, 0x0000000707c00000| Untracked 
|  85|0x0000000707d00000, 0x0000000707d00000, 0x0000000707e00000|  0%| F|  |TAMS 0x0000000707d00000, 0x0000000707d00000| Untracked 
|  86|0x0000000707e00000, 0x0000000707e00000, 0x0000000707f00000|  0%| F|  |TAMS 0x0000000707e00000, 0x0000000707e00000| Untracked 
|  87|0x0000000707f00000, 0x0000000707f00000, 0x0000000708000000|  0%| F|  |TAMS 0x0000000707f00000, 0x0000000707f00000| Untracked 
|  88|0x0000000708000000, 0x0000000708000000, 0x0000000708100000|  0%| F|  |TAMS 0x0000000708000000, 0x0000000708000000| Untracked 
|  89|0x0000000708100000, 0x0000000708100000, 0x0000000708200000|  0%| F|  |TAMS 0x0000000708100000, 0x0000000708100000| Untracked 
|  90|0x0000000708200000, 0x0000000708200000, 0x0000000708300000|  0%| F|  |TAMS 0x0000000708200000, 0x0000000708200000| Untracked 
|  91|0x0000000708300000, 0x0000000708300000, 0x0000000708400000|  0%| F|  |TAMS 0x0000000708300000, 0x0000000708300000| Untracked 
|  92|0x0000000708400000, 0x0000000708400000, 0x0000000708500000|  0%| F|  |TAMS 0x0000000708400000, 0x0000000708400000| Untracked 
|  93|0x0000000708500000, 0x0000000708500000, 0x0000000708600000|  0%| F|  |TAMS 0x0000000708500000, 0x0000000708500000| Untracked 
|  94|0x0000000708600000, 0x0000000708600000, 0x0000000708700000|  0%| F|  |TAMS 0x0000000708600000, 0x0000000708600000| Untracked 
|  95|0x0000000708700000, 0x0000000708700000, 0x0000000708800000|  0%| F|  |TAMS 0x0000000708700000, 0x0000000708700000| Untracked 
|  96|0x0000000708800000, 0x0000000708800000, 0x0000000708900000|  0%| F|  |TAMS 0x0000000708800000, 0x0000000708800000| Untracked 
|  97|0x0000000708900000, 0x0000000708900000, 0x0000000708a00000|  0%| F|  |TAMS 0x0000000708900000, 0x0000000708900000| Untracked 
|  98|0x0000000708a00000, 0x0000000708a00000, 0x0000000708b00000|  0%| F|  |TAMS 0x0000000708a00000, 0x0000000708a00000| Untracked 
|  99|0x0000000708b00000, 0x0000000708b00000, 0x0000000708c00000|  0%| F|  |TAMS 0x0000000708b00000, 0x0000000708b00000| Untracked 
| 100|0x0000000708c00000, 0x0000000708c00000, 0x0000000708d00000|  0%| F|  |TAMS 0x0000000708c00000, 0x0000000708c00000| Untracked 
| 101|0x0000000708d00000, 0x0000000708d00000, 0x0000000708e00000|  0%| F|  |TAMS 0x0000000708d00000, 0x0000000708d00000| Untracked 
| 102|0x0000000708e00000, 0x0000000708e00000, 0x0000000708f00000|  0%| F|  |TAMS 0x0000000708e00000, 0x0000000708e00000| Untracked 
| 103|0x0000000708f00000, 0x0000000708f00000, 0x0000000709000000|  0%| F|  |TAMS 0x0000000708f00000, 0x0000000708f00000| Untracked 
| 104|0x0000000709000000, 0x0000000709000000, 0x0000000709100000|  0%| F|  |TAMS 0x0000000709000000, 0x0000000709000000| Untracked 
| 105|0x0000000709100000, 0x0000000709100000, 0x0000000709200000|  0%| F|  |TAMS 0x0000000709100000, 0x0000000709100000| Untracked 
| 106|0x0000000709200000, 0x0000000709200000, 0x0000000709300000|  0%| F|  |TAMS 0x0000000709200000, 0x0000000709200000| Untracked 
| 107|0x0000000709300000, 0x0000000709300000, 0x0000000709400000|  0%| F|  |TAMS 0x0000000709300000, 0x0000000709300000| Untracked 
| 108|0x0000000709400000, 0x0000000709400000, 0x0000000709500000|  0%| F|  |TAMS 0x0000000709400000, 0x0000000709400000| Untracked 
| 109|0x0000000709500000, 0x0000000709500000, 0x0000000709600000|  0%| F|  |TAMS 0x0000000709500000, 0x0000000709500000| Untracked 
| 110|0x0000000709600000, 0x0000000709600000, 0x0000000709700000|  0%| F|  |TAMS 0x0000000709600000, 0x0000000709600000| Untracked 
| 111|0x0000000709700000, 0x0000000709700000, 0x0000000709800000|  0%| F|  |TAMS 0x0000000709700000, 0x0000000709700000| Untracked 
| 112|0x0000000709800000, 0x0000000709800000, 0x0000000709900000|  0%| F|  |TAMS 0x0000000709800000, 0x0000000709800000| Untracked 
| 113|0x0000000709900000, 0x0000000709900000, 0x0000000709a00000|  0%| F|  |TAMS 0x0000000709900000, 0x0000000709900000| Untracked 
| 114|0x0000000709a00000, 0x0000000709a00000, 0x0000000709b00000|  0%| F|  |TAMS 0x0000000709a00000, 0x0000000709a00000| Untracked 
| 115|0x0000000709b00000, 0x0000000709b00000, 0x0000000709c00000|  0%| F|  |TAMS 0x0000000709b00000, 0x0000000709b00000| Untracked 
| 116|0x0000000709c00000, 0x0000000709c00000, 0x0000000709d00000|  0%| F|  |TAMS 0x0000000709c00000, 0x0000000709c00000| Untracked 
| 117|0x0000000709d00000, 0x0000000709d00000, 0x0000000709e00000|  0%| F|  |TAMS 0x0000000709d00000, 0x0000000709d00000| Untracked 
| 118|0x0000000709e00000, 0x0000000709e00000, 0x0000000709f00000|  0%| F|  |TAMS 0x0000000709e00000, 0x0000000709e00000| Untracked 
| 119|0x0000000709f00000, 0x0000000709f00000, 0x000000070a000000|  0%| F|  |TAMS 0x0000000709f00000, 0x0000000709f00000| Untracked 
| 120|0x000000070a000000, 0x000000070a000000, 0x000000070a100000|  0%| F|  |TAMS 0x000000070a000000, 0x000000070a000000| Untracked 
| 121|0x000000070a100000, 0x000000070a100000, 0x000000070a200000|  0%| F|  |TAMS 0x000000070a100000, 0x000000070a100000| Untracked 
| 122|0x000000070a200000, 0x000000070a200000, 0x000000070a300000|  0%| F|  |TAMS 0x000000070a200000, 0x000000070a200000| Untracked 
| 123|0x000000070a300000, 0x000000070a300000, 0x000000070a400000|  0%| F|  |TAMS 0x000000070a300000, 0x000000070a300000| Untracked 
| 124|0x000000070a400000, 0x000000070a400000, 0x000000070a500000|  0%| F|  |TAMS 0x000000070a400000, 0x000000070a400000| Untracked 
| 125|0x000000070a500000, 0x000000070a500000, 0x000000070a600000|  0%| F|  |TAMS 0x000000070a500000, 0x000000070a500000| Untracked 
| 126|0x000000070a600000, 0x000000070a600000, 0x000000070a700000|  0%| F|  |TAMS 0x000000070a600000, 0x000000070a600000| Untracked 
| 127|0x000000070a700000, 0x000000070a700000, 0x000000070a800000|  0%| F|  |TAMS 0x000000070a700000, 0x000000070a700000| Untracked 
| 128|0x000000070a800000, 0x000000070a800000, 0x000000070a900000|  0%| F|  |TAMS 0x000000070a800000, 0x000000070a800000| Untracked 
| 129|0x000000070a900000, 0x000000070a900000, 0x000000070aa00000|  0%| F|  |TAMS 0x000000070a900000, 0x000000070a900000| Untracked 
| 130|0x000000070aa00000, 0x000000070aa00000, 0x000000070ab00000|  0%| F|  |TAMS 0x000000070aa00000, 0x000000070aa00000| Untracked 
| 131|0x000000070ab00000, 0x000000070ab00000, 0x000000070ac00000|  0%| F|  |TAMS 0x000000070ab00000, 0x000000070ab00000| Untracked 
| 132|0x000000070ac00000, 0x000000070ac00000, 0x000000070ad00000|  0%| F|  |TAMS 0x000000070ac00000, 0x000000070ac00000| Untracked 
| 133|0x000000070ad00000, 0x000000070ad00000, 0x000000070ae00000|  0%| F|  |TAMS 0x000000070ad00000, 0x000000070ad00000| Untracked 
| 134|0x000000070ae00000, 0x000000070ae00000, 0x000000070af00000|  0%| F|  |TAMS 0x000000070ae00000, 0x000000070ae00000| Untracked 
| 135|0x000000070af00000, 0x000000070af00000, 0x000000070b000000|  0%| F|  |TAMS 0x000000070af00000, 0x000000070af00000| Untracked 
| 136|0x000000070b000000, 0x000000070b000000, 0x000000070b100000|  0%| F|  |TAMS 0x000000070b000000, 0x000000070b000000| Untracked 
| 137|0x000000070b100000, 0x000000070b100000, 0x000000070b200000|  0%| F|  |TAMS 0x000000070b100000, 0x000000070b100000| Untracked 
| 138|0x000000070b200000, 0x000000070b200000, 0x000000070b300000|  0%| F|  |TAMS 0x000000070b200000, 0x000000070b200000| Untracked 
| 139|0x000000070b300000, 0x000000070b300000, 0x000000070b400000|  0%| F|  |TAMS 0x000000070b300000, 0x000000070b300000| Untracked 
| 140|0x000000070b400000, 0x000000070b400000, 0x000000070b500000|  0%| F|  |TAMS 0x000000070b400000, 0x000000070b400000| Untracked 
| 141|0x000000070b500000, 0x000000070b500000, 0x000000070b600000|  0%| F|  |TAMS 0x000000070b500000, 0x000000070b500000| Untracked 
| 142|0x000000070b600000, 0x000000070b600000, 0x000000070b700000|  0%| F|  |TAMS 0x000000070b600000, 0x000000070b600000| Untracked 
| 143|0x000000070b700000, 0x000000070b700000, 0x000000070b800000|  0%| F|  |TAMS 0x000000070b700000, 0x000000070b700000| Untracked 
| 144|0x000000070b800000, 0x000000070b800000, 0x000000070b900000|  0%| F|  |TAMS 0x000000070b800000, 0x000000070b800000| Untracked 
| 145|0x000000070b900000, 0x000000070b900000, 0x000000070ba00000|  0%| F|  |TAMS 0x000000070b900000, 0x000000070b900000| Untracked 
| 146|0x000000070ba00000, 0x000000070ba00000, 0x000000070bb00000|  0%| F|  |TAMS 0x000000070ba00000, 0x000000070ba00000| Untracked 
| 147|0x000000070bb00000, 0x000000070bb00000, 0x000000070bc00000|  0%| F|  |TAMS 0x000000070bb00000, 0x000000070bb00000| Untracked 
| 148|0x000000070bc00000, 0x000000070bc00000, 0x000000070bd00000|  0%| F|  |TAMS 0x000000070bc00000, 0x000000070bc00000| Untracked 
| 149|0x000000070bd00000, 0x000000070bd00000, 0x000000070be00000|  0%| F|  |TAMS 0x000000070bd00000, 0x000000070bd00000| Untracked 
| 150|0x000000070be00000, 0x000000070be00000, 0x000000070bf00000|  0%| F|  |TAMS 0x000000070be00000, 0x000000070be00000| Untracked 
| 151|0x000000070bf00000, 0x000000070bf00000, 0x000000070c000000|  0%| F|  |TAMS 0x000000070bf00000, 0x000000070bf00000| Untracked 
| 152|0x000000070c000000, 0x000000070c000000, 0x000000070c100000|  0%| F|  |TAMS 0x000000070c000000, 0x000000070c000000| Untracked 
| 153|0x000000070c100000, 0x000000070c100000, 0x000000070c200000|  0%| F|  |TAMS 0x000000070c100000, 0x000000070c100000| Untracked 
| 154|0x000000070c200000, 0x000000070c200000, 0x000000070c300000|  0%| F|  |TAMS 0x000000070c200000, 0x000000070c200000| Untracked 
| 155|0x000000070c300000, 0x000000070c300000, 0x000000070c400000|  0%| F|  |TAMS 0x000000070c300000, 0x000000070c300000| Untracked 
| 156|0x000000070c400000, 0x000000070c400000, 0x000000070c500000|  0%| F|  |TAMS 0x000000070c400000, 0x000000070c400000| Untracked 
| 157|0x000000070c500000, 0x000000070c500000, 0x000000070c600000|  0%| F|  |TAMS 0x000000070c500000, 0x000000070c500000| Untracked 
| 158|0x000000070c600000, 0x000000070c600000, 0x000000070c700000|  0%| F|  |TAMS 0x000000070c600000, 0x000000070c600000| Untracked 
| 159|0x000000070c700000, 0x000000070c700000, 0x000000070c800000|  0%| F|  |TAMS 0x000000070c700000, 0x000000070c700000| Untracked 
| 160|0x000000070c800000, 0x000000070c800000, 0x000000070c900000|  0%| F|  |TAMS 0x000000070c800000, 0x000000070c800000| Untracked 
| 161|0x000000070c900000, 0x000000070c900000, 0x000000070ca00000|  0%| F|  |TAMS 0x000000070c900000, 0x000000070c900000| Untracked 
| 162|0x000000070ca00000, 0x000000070ca00000, 0x000000070cb00000|  0%| F|  |TAMS 0x000000070ca00000, 0x000000070ca00000| Untracked 
| 163|0x000000070cb00000, 0x000000070cb00000, 0x000000070cc00000|  0%| F|  |TAMS 0x000000070cb00000, 0x000000070cb00000| Untracked 
| 164|0x000000070cc00000, 0x000000070cc00000, 0x000000070cd00000|  0%| F|  |TAMS 0x000000070cc00000, 0x000000070cc00000| Untracked 
| 165|0x000000070cd00000, 0x000000070cd00000, 0x000000070ce00000|  0%| F|  |TAMS 0x000000070cd00000, 0x000000070cd00000| Untracked 
| 166|0x000000070ce00000, 0x000000070ce00000, 0x000000070cf00000|  0%| F|  |TAMS 0x000000070ce00000, 0x000000070ce00000| Untracked 
| 167|0x000000070cf00000, 0x000000070cf00000, 0x000000070d000000|  0%| F|  |TAMS 0x000000070cf00000, 0x000000070cf00000| Untracked 
| 168|0x000000070d000000, 0x000000070d000000, 0x000000070d100000|  0%| F|  |TAMS 0x000000070d000000, 0x000000070d000000| Untracked 
| 169|0x000000070d100000, 0x000000070d100000, 0x000000070d200000|  0%| F|  |TAMS 0x000000070d100000, 0x000000070d100000| Untracked 
| 170|0x000000070d200000, 0x000000070d200000, 0x000000070d300000|  0%| F|  |TAMS 0x000000070d200000, 0x000000070d200000| Untracked 
| 171|0x000000070d300000, 0x000000070d300000, 0x000000070d400000|  0%| F|  |TAMS 0x000000070d300000, 0x000000070d300000| Untracked 
| 172|0x000000070d400000, 0x000000070d400000, 0x000000070d500000|  0%| F|  |TAMS 0x000000070d400000, 0x000000070d400000| Untracked 
| 173|0x000000070d500000, 0x000000070d500000, 0x000000070d600000|  0%| F|  |TAMS 0x000000070d500000, 0x000000070d500000| Untracked 
| 174|0x000000070d600000, 0x000000070d600000, 0x000000070d700000|  0%| F|  |TAMS 0x000000070d600000, 0x000000070d600000| Untracked 
| 175|0x000000070d700000, 0x000000070d700000, 0x000000070d800000|  0%| F|  |TAMS 0x000000070d700000, 0x000000070d700000| Untracked 
| 176|0x000000070d800000, 0x000000070d800000, 0x000000070d900000|  0%| F|  |TAMS 0x000000070d800000, 0x000000070d800000| Untracked 
| 177|0x000000070d900000, 0x000000070d900000, 0x000000070da00000|  0%| F|  |TAMS 0x000000070d900000, 0x000000070d900000| Untracked 
| 178|0x000000070da00000, 0x000000070da00000, 0x000000070db00000|  0%| F|  |TAMS 0x000000070da00000, 0x000000070da00000| Untracked 
| 179|0x000000070db00000, 0x000000070db00000, 0x000000070dc00000|  0%| F|  |TAMS 0x000000070db00000, 0x000000070db00000| Untracked 
| 180|0x000000070dc00000, 0x000000070dc00000, 0x000000070dd00000|  0%| F|  |TAMS 0x000000070dc00000, 0x000000070dc00000| Untracked 
| 181|0x000000070dd00000, 0x000000070dd00000, 0x000000070de00000|  0%| F|  |TAMS 0x000000070dd00000, 0x000000070dd00000| Untracked 
| 182|0x000000070de00000, 0x000000070de00000, 0x000000070df00000|  0%| F|  |TAMS 0x000000070de00000, 0x000000070de00000| Untracked 
| 183|0x000000070df00000, 0x000000070df00000, 0x000000070e000000|  0%| F|  |TAMS 0x000000070df00000, 0x000000070df00000| Untracked 
| 184|0x000000070e000000, 0x000000070e000000, 0x000000070e100000|  0%| F|  |TAMS 0x000000070e000000, 0x000000070e000000| Untracked 
| 185|0x000000070e100000, 0x000000070e100000, 0x000000070e200000|  0%| F|  |TAMS 0x000000070e100000, 0x000000070e100000| Untracked 
| 186|0x000000070e200000, 0x000000070e200000, 0x000000070e300000|  0%| F|  |TAMS 0x000000070e200000, 0x000000070e200000| Untracked 
| 187|0x000000070e300000, 0x000000070e300000, 0x000000070e400000|  0%| F|  |TAMS 0x000000070e300000, 0x000000070e300000| Untracked 
| 188|0x000000070e400000, 0x000000070e400000, 0x000000070e500000|  0%| F|  |TAMS 0x000000070e400000, 0x000000070e400000| Untracked 
| 189|0x000000070e500000, 0x000000070e500000, 0x000000070e600000|  0%| F|  |TAMS 0x000000070e500000, 0x000000070e500000| Untracked 
| 190|0x000000070e600000, 0x000000070e600000, 0x000000070e700000|  0%| F|  |TAMS 0x000000070e600000, 0x000000070e600000| Untracked 
| 191|0x000000070e700000, 0x000000070e700000, 0x000000070e800000|  0%| F|  |TAMS 0x000000070e700000, 0x000000070e700000| Untracked 
| 192|0x000000070e800000, 0x000000070e800000, 0x000000070e900000|  0%| F|  |TAMS 0x000000070e800000, 0x000000070e800000| Untracked 
| 193|0x000000070e900000, 0x000000070e900000, 0x000000070ea00000|  0%| F|  |TAMS 0x000000070e900000, 0x000000070e900000| Untracked 
| 194|0x000000070ea00000, 0x000000070ea00000, 0x000000070eb00000|  0%| F|  |TAMS 0x000000070ea00000, 0x000000070ea00000| Untracked 
| 195|0x000000070eb00000, 0x000000070eb00000, 0x000000070ec00000|  0%| F|  |TAMS 0x000000070eb00000, 0x000000070eb00000| Untracked 
| 196|0x000000070ec00000, 0x000000070ec00000, 0x000000070ed00000|  0%| F|  |TAMS 0x000000070ec00000, 0x000000070ec00000| Untracked 
| 197|0x000000070ed00000, 0x000000070ed00000, 0x000000070ee00000|  0%| F|  |TAMS 0x000000070ed00000, 0x000000070ed00000| Untracked 
| 198|0x000000070ee00000, 0x000000070ee00000, 0x000000070ef00000|  0%| F|  |TAMS 0x000000070ee00000, 0x000000070ee00000| Untracked 
| 199|0x000000070ef00000, 0x000000070ef00000, 0x000000070f000000|  0%| F|  |TAMS 0x000000070ef00000, 0x000000070ef00000| Untracked 
| 200|0x000000070f000000, 0x000000070f000000, 0x000000070f100000|  0%| F|  |TAMS 0x000000070f000000, 0x000000070f000000| Untracked 
| 201|0x000000070f100000, 0x000000070f100000, 0x000000070f200000|  0%| F|  |TAMS 0x000000070f100000, 0x000000070f100000| Untracked 
| 202|0x000000070f200000, 0x000000070f200000, 0x000000070f300000|  0%| F|  |TAMS 0x000000070f200000, 0x000000070f200000| Untracked 
| 203|0x000000070f300000, 0x000000070f300000, 0x000000070f400000|  0%| F|  |TAMS 0x000000070f300000, 0x000000070f300000| Untracked 
| 204|0x000000070f400000, 0x000000070f400000, 0x000000070f500000|  0%| F|  |TAMS 0x000000070f400000, 0x000000070f400000| Untracked 
| 205|0x000000070f500000, 0x000000070f500000, 0x000000070f600000|  0%| F|  |TAMS 0x000000070f500000, 0x000000070f500000| Untracked 
| 206|0x000000070f600000, 0x000000070f600000, 0x000000070f700000|  0%| F|  |TAMS 0x000000070f600000, 0x000000070f600000| Untracked 
| 207|0x000000070f700000, 0x000000070f700000, 0x000000070f800000|  0%| F|  |TAMS 0x000000070f700000, 0x000000070f700000| Untracked 
| 208|0x000000070f800000, 0x000000070f800000, 0x000000070f900000|  0%| F|  |TAMS 0x000000070f800000, 0x000000070f800000| Untracked 
| 209|0x000000070f900000, 0x000000070f900000, 0x000000070fa00000|  0%| F|  |TAMS 0x000000070f900000, 0x000000070f900000| Untracked 
| 210|0x000000070fa00000, 0x000000070fa00000, 0x000000070fb00000|  0%| F|  |TAMS 0x000000070fa00000, 0x000000070fa00000| Untracked 
| 211|0x000000070fb00000, 0x000000070fb00000, 0x000000070fc00000|  0%| F|  |TAMS 0x000000070fb00000, 0x000000070fb00000| Untracked 
| 212|0x000000070fc00000, 0x000000070fc00000, 0x000000070fd00000|  0%| F|  |TAMS 0x000000070fc00000, 0x000000070fc00000| Untracked 
| 213|0x000000070fd00000, 0x000000070fd00000, 0x000000070fe00000|  0%| F|  |TAMS 0x000000070fd00000, 0x000000070fd00000| Untracked 
| 214|0x000000070fe00000, 0x000000070fe00000, 0x000000070ff00000|  0%| F|  |TAMS 0x000000070fe00000, 0x000000070fe00000| Untracked 
| 215|0x000000070ff00000, 0x0000000710000000, 0x0000000710000000|100%| E|  |TAMS 0x000000070ff00000, 0x000000070ff00000| Complete 
| 216|0x0000000710000000, 0x0000000710100000, 0x0000000710100000|100%| E|CS|TAMS 0x0000000710000000, 0x0000000710000000| Complete 
| 217|0x0000000710100000, 0x0000000710200000, 0x0000000710200000|100%| E|CS|TAMS 0x0000000710100000, 0x0000000710100000| Complete 
| 218|0x0000000710200000, 0x0000000710300000, 0x0000000710300000|100%| E|CS|TAMS 0x0000000710200000, 0x0000000710200000| Complete 
| 219|0x0000000710300000, 0x0000000710400000, 0x0000000710400000|100%| E|CS|TAMS 0x0000000710300000, 0x0000000710300000| Complete 
| 220|0x0000000710400000, 0x0000000710500000, 0x0000000710500000|100%| E|CS|TAMS 0x0000000710400000, 0x0000000710400000| Complete 
| 221|0x0000000710500000, 0x0000000710600000, 0x0000000710600000|100%| E|CS|TAMS 0x0000000710500000, 0x0000000710500000| Complete 
| 222|0x0000000710600000, 0x0000000710700000, 0x0000000710700000|100%| E|CS|TAMS 0x0000000710600000, 0x0000000710600000| Complete 
| 223|0x0000000710700000, 0x0000000710800000, 0x0000000710800000|100%| E|CS|TAMS 0x0000000710700000, 0x0000000710700000| Complete 
| 224|0x0000000710800000, 0x0000000710900000, 0x0000000710900000|100%| E|CS|TAMS 0x0000000710800000, 0x0000000710800000| Complete 
| 225|0x0000000710900000, 0x0000000710a00000, 0x0000000710a00000|100%| E|CS|TAMS 0x0000000710900000, 0x0000000710900000| Complete 
| 226|0x0000000710a00000, 0x0000000710b00000, 0x0000000710b00000|100%| E|CS|TAMS 0x0000000710a00000, 0x0000000710a00000| Complete 
| 227|0x0000000710b00000, 0x0000000710c00000, 0x0000000710c00000|100%| E|CS|TAMS 0x0000000710b00000, 0x0000000710b00000| Complete 
| 228|0x0000000710c00000, 0x0000000710d00000, 0x0000000710d00000|100%| E|CS|TAMS 0x0000000710c00000, 0x0000000710c00000| Complete 
| 229|0x0000000710d00000, 0x0000000710e00000, 0x0000000710e00000|100%| E|CS|TAMS 0x0000000710d00000, 0x0000000710d00000| Complete 
| 230|0x0000000710e00000, 0x0000000710f00000, 0x0000000710f00000|100%| E|CS|TAMS 0x0000000710e00000, 0x0000000710e00000| Complete 
| 231|0x0000000710f00000, 0x0000000711000000, 0x0000000711000000|100%| E|CS|TAMS 0x0000000710f00000, 0x0000000710f00000| Complete 
| 232|0x0000000711000000, 0x0000000711100000, 0x0000000711100000|100%| E|CS|TAMS 0x0000000711000000, 0x0000000711000000| Complete 
| 233|0x0000000711100000, 0x0000000711200000, 0x0000000711200000|100%| E|CS|TAMS 0x0000000711100000, 0x0000000711100000| Complete 
| 234|0x0000000711200000, 0x0000000711300000, 0x0000000711300000|100%| E|CS|TAMS 0x0000000711200000, 0x0000000711200000| Complete 
| 235|0x0000000711300000, 0x0000000711400000, 0x0000000711400000|100%| E|CS|TAMS 0x0000000711300000, 0x0000000711300000| Complete 
| 236|0x0000000711400000, 0x0000000711500000, 0x0000000711500000|100%| E|CS|TAMS 0x0000000711400000, 0x0000000711400000| Complete 
| 237|0x0000000711500000, 0x0000000711600000, 0x0000000711600000|100%| E|CS|TAMS 0x0000000711500000, 0x0000000711500000| Complete 
| 238|0x0000000711600000, 0x0000000711700000, 0x0000000711700000|100%| S|CS|TAMS 0x0000000711600000, 0x0000000711600000| Complete 
| 239|0x0000000711700000, 0x0000000711800000, 0x0000000711800000|100%| S|CS|TAMS 0x0000000711700000, 0x0000000711700000| Complete 
| 240|0x0000000711800000, 0x0000000711900000, 0x0000000711900000|100%| E|CS|TAMS 0x0000000711800000, 0x0000000711800000| Complete 
| 241|0x0000000711900000, 0x0000000711a00000, 0x0000000711a00000|100%| E|CS|TAMS 0x0000000711900000, 0x0000000711900000| Complete 
| 242|0x0000000711a00000, 0x0000000711b00000, 0x0000000711b00000|100%| E|CS|TAMS 0x0000000711a00000, 0x0000000711a00000| Complete 
| 243|0x0000000711b00000, 0x0000000711c00000, 0x0000000711c00000|100%| E|CS|TAMS 0x0000000711b00000, 0x0000000711b00000| Complete 
| 244|0x0000000711c00000, 0x0000000711d00000, 0x0000000711d00000|100%| E|CS|TAMS 0x0000000711c00000, 0x0000000711c00000| Complete 
| 245|0x0000000711d00000, 0x0000000711e00000, 0x0000000711e00000|100%| E|CS|TAMS 0x0000000711d00000, 0x0000000711d00000| Complete 
| 246|0x0000000711e00000, 0x0000000711f00000, 0x0000000711f00000|100%| E|CS|TAMS 0x0000000711e00000, 0x0000000711e00000| Complete 
| 247|0x0000000711f00000, 0x0000000712000000, 0x0000000712000000|100%| E|CS|TAMS 0x0000000711f00000, 0x0000000711f00000| Complete 
| 248|0x0000000712000000, 0x0000000712100000, 0x0000000712100000|100%| E|CS|TAMS 0x0000000712000000, 0x0000000712000000| Complete 
| 249|0x0000000712100000, 0x0000000712200000, 0x0000000712200000|100%| E|CS|TAMS 0x0000000712100000, 0x0000000712100000| Complete 
| 250|0x0000000712200000, 0x0000000712300000, 0x0000000712300000|100%| E|CS|TAMS 0x0000000712200000, 0x0000000712200000| Complete 
| 251|0x0000000712300000, 0x0000000712400000, 0x0000000712400000|100%| E|CS|TAMS 0x0000000712300000, 0x0000000712300000| Complete 
| 252|0x0000000712400000, 0x0000000712500000, 0x0000000712500000|100%| E|CS|TAMS 0x0000000712400000, 0x0000000712400000| Complete 
| 253|0x0000000712500000, 0x0000000712600000, 0x0000000712600000|100%| E|CS|TAMS 0x0000000712500000, 0x0000000712500000| Complete 

Card table byte_map: [0x0000016f34ce0000,0x0000016f354d0000] _byte_map_base: 0x0000016f314cc000

Marking Bits (Prev, Next): (CMBitMap*) 0x0000016f1b3440b8, (CMBitMap*) 0x0000016f1b3440f8
 Prev Bits: [0x0000016f35cc0000, 0x0000016f39c20000)
 Next Bits: [0x0000016f39c20000, 0x0000016f3db80000)

Polling page: 0x0000016f1b3a0000

Metaspace:

Usage:
  Non-class:      8.58 MB capacity,     8.42 MB ( 98%) used,   133.16 KB (  2%) free+waste,    28.81 KB ( <1%) overhead. 
      Class:      1.10 MB capacity,   989.79 KB ( 88%) used,   120.27 KB ( 11%) free+waste,    16.94 KB (  2%) overhead. 
       Both:      9.68 MB capacity,     9.39 MB ( 97%) used,   253.44 KB (  3%) free+waste,    45.75 KB ( <1%) overhead. 

Virtual space:
  Non-class space:       10.00 MB reserved,       8.75 MB ( 88%) committed 
      Class space:        1.00 GB reserved,       1.13 MB ( <1%) committed 
             Both:        1.01 GB reserved,       9.88 MB ( <1%) committed 

Chunk freelists:
   Non-Class:  5.38 KB
       Class:  3.13 KB
        Both:  8.50 KB

CodeHeap 'non-profiled nmethods': size=120064Kb used=1017Kb max_used=1017Kb free=119047Kb
 bounds [0x0000016f2c990000, 0x0000016f2cc00000, 0x0000016f33ed0000]
CodeHeap 'profiled nmethods': size=120000Kb used=2656Kb max_used=2656Kb free=117343Kb
 bounds [0x0000016f25460000, 0x0000016f25700000, 0x0000016f2c990000]
CodeHeap 'non-nmethods': size=5696Kb used=1295Kb max_used=1351Kb free=4400Kb
 bounds [0x0000016f24ed0000, 0x0000016f25140000, 0x0000016f25460000]
 total_blobs=2312 nmethods=1379 adapters=480
 compilation: enabled
              stopped_count=0, restarted_count=0
 full_count=0

Compilation events (10 events):
Event: 132.316 Thread 0x0000016f40af3000 1371       3       java.lang.ref.PhantomReference::<init> (7 bytes)
Event: 132.316 Thread 0x0000016f40af3000 nmethod 1371 0x0000016f256f6610 code [0x0000016f256f67e0, 0x0000016f256f6b38]
Event: 132.321 Thread 0x0000016f40af3000 1376       3       java.lang.Module::isNamed (13 bytes)
Event: 132.321 Thread 0x0000016f40af3000 nmethod 1376 0x0000016f256f6c10 code [0x0000016f256f6dc0, 0x0000016f256f6f98]
Event: 132.321 Thread 0x0000016f40af3000 1377       3       sun.nio.cs.SingleByte$Encoder::encode (32 bytes)
Event: 132.322 Thread 0x0000016f40af3000 nmethod 1377 0x0000016f256f7010 code [0x0000016f256f71e0, 0x0000016f256f7418]
Event: 132.322 Thread 0x0000016f40af3000 1378       3       java.lang.String::valueOf (14 bytes)
Event: 132.322 Thread 0x0000016f40af3000 nmethod 1378 0x0000016f256f7590 code [0x0000016f256f7760, 0x0000016f256f79d0]
Event: 132.322 Thread 0x0000016f40af3000 1379       3       java.nio.ByteBuffer::arrayOffset (35 bytes)
Event: 132.323 Thread 0x0000016f40af3000 nmethod 1379 0x0000016f256f7a90 code [0x0000016f256f7c80, 0x0000016f256f8000]

GC Heap History (2 events):
Event: 0.866 GC heap before
{Heap before GC invocations=0 (full 0):
 garbage-first heap   total 260096K, used 15360K [0x0000000702800000, 0x0000000800000000)
  region size 1024K, 14 young (14336K), 0 survivors (0K)
 Metaspace       used 8756K, capacity 9081K, committed 9344K, reserved 1056768K
  class space    used 935K, capacity 1084K, committed 1152K, reserved 1048576K
}
Event: 0.869 GC heap after
{Heap after GC invocations=1 (full 0):
 garbage-first heap   total 260096K, used 4688K [0x0000000702800000, 0x0000000800000000)
  region size 1024K, 2 young (2048K), 2 survivors (2048K)
 Metaspace       used 8756K, capacity 9081K, committed 9344K, reserved 1056768K
  class space    used 935K, capacity 1084K, committed 1152K, reserved 1048576K
}

Deoptimization events (9 events):
Event: 0.425 Thread 0x0000016f1b2e0000 Uncommon trap: reason=unstable_if action=reinterpret pc=0x0000016f2c99df40 method=java.util.HashMap.putVal(ILjava/lang/Object;Ljava/lang/Object;ZZ)Ljava/lang/Object; @ 181 c2
Event: 0.509 Thread 0x0000016f1b2e0000 Uncommon trap: reason=unstable_if action=reinterpret pc=0x0000016f2c99efac method=java.lang.String.isLatin1()Z @ 10 c2
Event: 0.613 Thread 0x0000016f1b2e0000 Uncommon trap: reason=bimorphic_or_optimized_type_check action=maybe_recompile pc=0x0000016f2c99b5c4 method=java.util.AbstractCollection.isEmpty()Z @ 1 c2
Event: 0.613 Thread 0x0000016f1b2e0000 Uncommon trap: reason=bimorphic_or_optimized_type_check action=maybe_recompile pc=0x0000016f2c99b5c4 method=java.util.AbstractCollection.isEmpty()Z @ 1 c2
Event: 0.614 Thread 0x0000016f1b2e0000 Uncommon trap: reason=bimorphic_or_optimized_type_check action=maybe_recompile pc=0x0000016f2c99b5c4 method=java.util.AbstractCollection.isEmpty()Z @ 1 c2
Event: 0.614 Thread 0x0000016f1b2e0000 Uncommon trap: reason=bimorphic_or_optimized_type_check action=maybe_recompile pc=0x0000016f2c99b5c4 method=java.util.AbstractCollection.isEmpty()Z @ 1 c2
Event: 0.812 Thread 0x0000016f1b2e0000 Uncommon trap: reason=unstable_if action=reinterpret pc=0x0000016f2c9a568c method=java.lang.String.isLatin1()Z @ 10 c2
Event: 35.912 Thread 0x0000016f4147b000 Uncommon trap: reason=unstable_if action=reinterpret pc=0x0000016f2ca05d94 method=sun.awt.RepaintArea.add(Ljava/awt/Rectangle;I)V @ 40 c2
Event: 132.307 Thread 0x0000016f4147b000 Uncommon trap: reason=range_check action=make_not_entrant pc=0x0000016f2c9f8864 method=java.util.Objects.checkIndex(II)I @ 3 c2

Classes redefined (5 events):
Event: 35.910 Thread 0x0000016f4023d000 redefined class name=OuterSpace, count=1
Event: 64.968 Thread 0x0000016f4023d000 redefined class name=AlienHorde, count=1
Event: 79.657 Thread 0x0000016f4023d000 redefined class name=AlienHorde, count=2
Event: 98.198 Thread 0x0000016f4023d000 redefined class name=AlienHorde, count=3
Event: 132.303 Thread 0x0000016f4023d000 redefined class name=AlienHorde, count=4

Internal exceptions (10 events):
Event: 0.635 Thread 0x0000016f1b2e0000 Exception <a 'java/io/FileNotFoundException'{0x00000007120ae9d0}> (0x00000007120ae9d0) thrown at [t:/workspace/open/src/hotspot/share/prims/jni.cpp, line 615]
Event: 0.682 Thread 0x0000016f40dff800 Exception <a 'java/lang/NoSuchMethodError'{0x0000000711e4dc18}: java.lang.invoke.DirectMethodHandle$Holder.invokeSpecial(Ljava/lang/Object;Ljava/lang/Object;)V> (0x0000000711e4dc18) thrown at [t:/workspace/open/src/hotspot/share/interpreter/linkResolver.c
Event: 0.685 Thread 0x0000016f1b2e0000 Exception <a 'java/lang/NoSuchMethodError'{0x0000000711e2cba8}: java.lang.invoke.DirectMethodHandle$Holder.invokeStatic(Ljava/lang/Object;Ljava/lang/Object;Ljava/lang/Object;Ljava/lang/Object;Ljava/lang/Object;Ljava/lang/Object;Ljava/lang/Object;J)Ljava/l
Event: 0.724 Thread 0x0000016f1b2e0000 Exception <a 'java/lang/NoSuchMethodError'{0x0000000711dc4ed8}: java.lang.invoke.DirectMethodHandle$Holder.invokeStatic(Ljava/lang/Object;ILjava/lang/Object;Ljava/lang/Object;Ljava/lang/Object;Ljava/lang/Object;)Ljava/lang/Object;> (0x0000000711dc4ed8) th
Event: 0.725 Thread 0x0000016f1b2e0000 Exception <a 'java/lang/NoSuchMethodError'{0x0000000711dcbaf8}: java.lang.invoke.DirectMethodHandle$Holder.invokeStatic(Ljava/lang/Object;ILjava/lang/Object;Ljava/lang/Object;Ljava/lang/Object;)Ljava/lang/Object;> (0x0000000711dcbaf8) thrown at [t:/worksp
Event: 0.725 Thread 0x0000016f1b2e0000 Exception <a 'java/lang/NoSuchMethodError'{0x0000000711dcf350}: java.lang.invoke.DirectMethodHandle$Holder.invokeSpecial(Ljava/lang/Object;Ljava/lang/Object;ILjava/lang/Object;Ljava/lang/Object;Ljava/lang/Object;)Ljava/lang/Object;> (0x0000000711dcf350) t
Event: 0.744 Thread 0x0000016f1b2e0000 Exception <a 'java/lang/ClassNotFoundException'{0x0000000711ca0ff0}: com/sun/swing/internal/plaf/metal/resources/spi/metalProvider> (0x0000000711ca0ff0) thrown at [t:/workspace/open/src/hotspot/share/classfile/systemDictionary.cpp, line 235]
Event: 0.746 Thread 0x0000016f1b2e0000 Exception <a 'java/lang/ClassNotFoundException'{0x0000000711ca7fd0}: com/sun/swing/internal/plaf/basic/resources/spi/basicProvider> (0x0000000711ca7fd0) thrown at [t:/workspace/open/src/hotspot/share/classfile/systemDictionary.cpp, line 235]
Event: 0.800 Thread 0x0000016f1b2e0000 Exception <a 'java/lang/NoSuchMethodError'{0x0000000711952998}: java.lang.invoke.DirectMethodHandle$Holder.invokeStaticInit(Ljava/lang/Object;)V> (0x0000000711952998) thrown at [t:/workspace/open/src/hotspot/share/interpreter/linkResolver.cpp, line 777]
Event: 0.823 Thread 0x0000016f1b2e0000 Exception <a 'java/lang/NoSuchMethodError'{0x000000071182f830}: java.lang.invoke.Invokers$Holder.linkToTargetMethod(Ljava/lang/Object;ILjava/lang/Object;)Ljava/lang/Object;> (0x000000071182f830) thrown at [t:/workspace/open/src/hotspot/share/interpreter/l

Events (10 events):
Event: 132.317 Thread 0x0000016f4147b000 DEOPT PACKING pc=0x0000016f2ca37eb4 sp=0x0000000a037feb20
Event: 132.317 Thread 0x0000016f4147b000 DEOPT UNPACKING pc=0x0000016f24f0ef4e sp=0x0000000a037fdc80 mode 1
Event: 132.317 Thread 0x0000016f4147b000 DEOPT PACKING pc=0x0000016f2ca63480 sp=0x0000000a037fec40
Event: 132.317 Thread 0x0000016f4147b000 DEOPT UNPACKING pc=0x0000016f24f0ef4e sp=0x0000000a037fe120 mode 1
Event: 132.317 loading class java/lang/Throwable$WrappedPrintStream
Event: 132.317 loading class java/lang/Throwable$PrintStreamOrWriter
Event: 132.317 loading class java/lang/Throwable$PrintStreamOrWriter done
Event: 132.317 loading class java/lang/Throwable$WrappedPrintStream done
Event: 132.321 loading class java/lang/StackTraceElement$HashedModules
Event: 132.321 loading class java/lang/StackTraceElement$HashedModules done


Dynamic libraries:
0x00007ff7b15e0000 - 0x00007ff7b15ef000 	C:\Program Files\Java\jdk-12\bin\javaw.exe
0x00007fff3d0b0000 - 0x00007fff3d29d000 	C:\Windows\SYSTEM32\ntdll.dll
0x00007fff3a550000 - 0x00007fff3a604000 	C:\Windows\System32\KERNEL32.DLL
0x00007fff39270000 - 0x00007fff39504000 	C:\Windows\System32\KERNELBASE.dll
0x00007fff3a170000 - 0x00007fff3a26a000 	C:\Windows\System32\ucrtbase.dll
0x00007fff32eb0000 - 0x00007fff32ec8000 	C:\Program Files\Java\jdk-12\bin\jli.dll
0x00007fff3a990000 - 0x00007fff3aa37000 	C:\Windows\System32\ADVAPI32.dll
0x00007fff3a4b0000 - 0x00007fff3a54e000 	C:\Windows\System32\msvcrt.dll
0x00007fff3a610000 - 0x00007fff3a6af000 	C:\Windows\System32\sechost.dll
0x00007fff3a6c0000 - 0x00007fff3a7dd000 	C:\Windows\System32\RPCRT4.dll
0x00007fff3ce30000 - 0x00007fff3cfc7000 	C:\Windows\System32\USER32.dll
0x00007fff39800000 - 0x00007fff39820000 	C:\Windows\System32\win32u.dll
0x00007fff3aec0000 - 0x00007fff3aee9000 	C:\Windows\System32\GDI32.dll
0x00007fff39660000 - 0x00007fff397fc000 	C:\Windows\System32\gdi32full.dll
0x00007fff39140000 - 0x00007fff391e0000 	C:\Windows\System32\msvcp_win.dll
0x00007fff2dc50000 - 0x00007fff2dc66000 	C:\Program Files\Java\jdk-12\bin\VCRUNTIME140.dll
0x00007fff20b90000 - 0x00007fff20e09000 	C:\Windows\WinSxS\amd64_microsoft.windows.common-controls_6595b64144ccf1df_6.0.17763.2803_none_de6d9ee8534e8a05\COMCTL32.dll
0x00007fff3b0f0000 - 0x00007fff3b41d000 	C:\Windows\System32\combase.dll
0x00007fff391e0000 - 0x00007fff39262000 	C:\Windows\System32\bcryptPrimitives.dll
0x00007fff2c200000 - 0x00007fff2c20a000 	C:\Windows\SYSTEM32\VERSION.dll
0x00007fff3d050000 - 0x00007fff3d07e000 	C:\Windows\System32\IMM32.DLL
0x00007fff37f50000 - 0x00007fff37f81000 	C:\Windows\SYSTEM32\ntmarta.dll
0x00007fff38f70000 - 0x00007fff38f9f000 	C:\Windows\SYSTEM32\SspiCli.dll
0x00007fff2db70000 - 0x00007fff2dc1a000 	C:\Program Files\Java\jdk-12\bin\msvcp140.dll
0x00007fff06880000 - 0x00007fff073f4000 	C:\Program Files\Java\jdk-12\bin\server\jvm.dll
0x00007fff3a6b0000 - 0x00007fff3a6b8000 	C:\Windows\System32\PSAPI.DLL
0x00007fff37070000 - 0x00007fff37079000 	C:\Windows\SYSTEM32\WSOCK32.dll
0x00007fff3b020000 - 0x00007fff3b08d000 	C:\Windows\System32\WS2_32.dll
0x00007fff36fc0000 - 0x00007fff36fe4000 	C:\Windows\SYSTEM32\WINMM.dll
0x00007fff36f90000 - 0x00007fff36fbd000 	C:\Windows\SYSTEM32\WINMMBASE.dll
0x00007fff3a290000 - 0x00007fff3a2da000 	C:\Windows\System32\cfgmgr32.dll
0x00007fff39070000 - 0x00007fff39081000 	C:\Windows\System32\kernel.appcore.dll
0x00007fff37050000 - 0x00007fff37061000 	C:\Program Files\Java\jdk-12\bin\verify.dll
0x00007fff20000000 - 0x00007fff201ed000 	C:\Windows\SYSTEM32\DBGHELP.DLL
0x00007fff2a7c0000 - 0x00007fff2a7ea000 	C:\Windows\SYSTEM32\dbgcore.DLL
0x00007fff37020000 - 0x00007fff37046000 	C:\Program Files\Java\jdk-12\bin\java.dll
0x00007fff2d910000 - 0x00007fff2d948000 	C:\Program Files\Java\jdk-12\bin\jdwp.dll
0x00007fff2db60000 - 0x00007fff2db6e000 	C:\Program Files\Java\jdk-12\bin\instrument.dll
0x00007fff37000000 - 0x00007fff37017000 	C:\Program Files\Java\jdk-12\bin\zip.dll
0x00007fff36ff0000 - 0x00007fff36ffa000 	C:\Program Files\Java\jdk-12\bin\jimage.dll
0x00007fff3b570000 - 0x00007fff3ca68000 	C:\Windows\System32\SHELL32.dll
0x00007fff3b4c0000 - 0x00007fff3b568000 	C:\Windows\System32\shcore.dll
0x00007fff39a20000 - 0x00007fff3a168000 	C:\Windows\System32\windows.storage.dll
0x00007fff39110000 - 0x00007fff39134000 	C:\Windows\System32\profapi.dll
0x00007fff390b0000 - 0x00007fff3910d000 	C:\Windows\System32\powrprof.dll
0x00007fff3a850000 - 0x00007fff3a8a2000 	C:\Windows\System32\shlwapi.dll
0x00007fff3a270000 - 0x00007fff3a287000 	C:\Windows\System32\cryptsp.dll
0x00007fff2db50000 - 0x00007fff2db5a000 	C:\Program Files\Java\jdk-12\bin\dt_socket.dll
0x00007fff388c0000 - 0x00007fff38927000 	C:\Windows\System32\mswsock.dll
0x00007fff38610000 - 0x00007fff386d6000 	C:\Windows\SYSTEM32\DNSAPI.dll
0x00007fff3a7e0000 - 0x00007fff3a7e8000 	C:\Windows\System32\NSI.dll
0x00007fff385d0000 - 0x00007fff3860e000 	C:\Windows\SYSTEM32\IPHLPAPI.DLL
0x00007fff32db0000 - 0x00007fff32e29000 	C:\Windows\System32\fwpuclnt.dll
0x00007fff395c0000 - 0x00007fff395e6000 	C:\Windows\System32\bcrypt.dll
0x00007fff2d530000 - 0x00007fff2d53a000 	C:\Windows\System32\rasadhlp.dll
0x00007fff32560000 - 0x00007fff32579000 	C:\Program Files\Java\jdk-12\bin\net.dll
0x00007fff326b0000 - 0x00007fff327a1000 	C:\Windows\SYSTEM32\WINHTTP.dll
0x00007fff24560000 - 0x00007fff24736000 	C:\Windows\SYSTEM32\urlmon.dll
0x00007fff24920000 - 0x00007fff24bc9000 	C:\Windows\SYSTEM32\iertutil.dll
0x00007fff24530000 - 0x00007fff24556000 	C:\Windows\SYSTEM32\srvcli.dll
0x00007fff386e0000 - 0x00007fff386ee000 	C:\Windows\SYSTEM32\netutils.dll
0x00007fff38a90000 - 0x00007fff38a9c000 	C:\Windows\SYSTEM32\CRYPTBASE.DLL
0x00007fff32540000 - 0x00007fff32553000 	C:\Program Files\Java\jdk-12\bin\nio.dll
0x00007fff2d710000 - 0x00007fff2d8af000 	C:\Program Files\Java\jdk-12\bin\awt.dll
0x00007fff3a8b0000 - 0x00007fff3a974000 	C:\Windows\System32\OLEAUT32.dll
0x00007fff36090000 - 0x00007fff3664e000 	C:\Windows\SYSTEM32\d2d1.dll
0x00007fff36d90000 - 0x00007fff36e1c000 	C:\Windows\SYSTEM32\apphelp.dll
0x00007fff376e0000 - 0x00007fff3770e000 	C:\Windows\system32\DWMAPI.DLL
0x00007fff39820000 - 0x00007fff39a15000 	C:\Windows\System32\CRYPT32.dll
0x00007fff39090000 - 0x00007fff390a2000 	C:\Windows\System32\MSASN1.dll
0x00007fff372a0000 - 0x00007fff3733c000 	C:\Windows\system32\uxtheme.dll
0x00007fff09840000 - 0x00007fff09967000 	C:\Windows\system32\opengl32.dll
0x00007fff0b180000 - 0x00007fff0b1ac000 	C:\Windows\SYSTEM32\GLU32.dll
0x00007fff3a2e0000 - 0x00007fff3a44b000 	C:\Windows\System32\MSCTF.dll
0x00007fff3ccd0000 - 0x00007fff3ce26000 	C:\Windows\System32\ole32.dll
0x00007fff2d6e0000 - 0x00007fff2d70d000 	C:\Program Files\Java\jdk-12\bin\javajpeg.dll
0x00007fff2ce40000 - 0x00007fff2cec0000 	C:\Program Files\Java\jdk-12\bin\freetype.dll
0x00007fff2af00000 - 0x00007fff2af6f000 	C:\Program Files\Java\jdk-12\bin\fontmanager.dll
0x00007fff29770000 - 0x00007fff29803000 	C:\Windows\System32\TextInputFramework.dll
0x00007fff34f00000 - 0x00007fff35222000 	C:\Windows\System32\CoreUIComponents.dll
0x00007fff36b80000 - 0x00007fff36c61000 	C:\Windows\System32\CoreMessaging.dll
0x00007fff34da0000 - 0x00007fff34ef1000 	C:\Windows\SYSTEM32\wintypes.dll

dbghelp: loaded successfully - version: 4.0.5 - missing functions: none
symbol engine: initialized successfully - sym options: 0x614 - pdb path: .;C:\Program Files\Java\jdk-12\bin;C:\Windows\SYSTEM32;C:\Windows\WinSxS\amd64_microsoft.windows.common-controls_6595b64144ccf1df_6.0.17763.2803_none_de6d9ee8534e8a05;C:\Program Files\Java\jdk-12\bin\server

VM Arguments:
jvm_args: -agentlib:jdwp=transport=dt_socket,suspend=y,address=localhost:53069 -javaagent:C:\Users\cheverdyukd8338\eclipse\java-2021-12\eclipse\configuration\org.eclipse.osgi\224\0\.cp\lib\javaagent-shaded.jar -Dfile.encoding=Cp1252 
java_command: StarFighter
java_class_path (initial): C:\Users\cheverdyukd8338\Desktop\APCS-A-2022\GitHub\Cheverdyuk_Dimitriy_apca-2022\Unit-17\bin
Launcher Type: SUN_STANDARD

[Global flags]
     intx CICompilerCount                          = 3                                         {product} {ergonomic}
     uint ConcGCThreads                            = 1                                         {product} {ergonomic}
     uint G1ConcRefinementThreads                  = 4                                         {product} {ergonomic}
   size_t G1HeapRegionSize                         = 1048576                                   {product} {ergonomic}
    uintx GCDrainStackTargetSize                   = 64                                        {product} {ergonomic}
   size_t InitialHeapSize                          = 266338304                                 {product} {ergonomic}
   size_t MarkStackSize                            = 4194304                                   {product} {ergonomic}
   size_t MaxHeapSize                              = 4253024256                                {product} {ergonomic}
   size_t MaxNewSize                               = 2551185408                                {product} {ergonomic}
   size_t MinHeapDeltaBytes                        = 1048576                                   {product} {ergonomic}
    uintx NonNMethodCodeHeapSize                   = 5830732                                {pd product} {ergonomic}
    uintx NonProfiledCodeHeapSize                  = 122913754                              {pd product} {ergonomic}
    uintx ProfiledCodeHeapSize                     = 122913754                              {pd product} {ergonomic}
    uintx ReservedCodeCacheSize                    = 251658240                              {pd product} {ergonomic}
     bool SegmentedCodeCache                       = true                                      {product} {ergonomic}
     bool UseCompressedClassPointers               = true                                 {lp64_product} {ergonomic}
     bool UseCompressedOops                        = true                                 {lp64_product} {ergonomic}
     bool UseG1GC                                  = true                                      {product} {ergonomic}
     bool UseLargePagesIndividualAllocation        = false                                  {pd product} {ergonomic}

Logging:
Log output configuration:
 #0: stdout all=warning uptime,level,tags
 #1: stderr all=off uptime,level,tags

Environment Variables:
PATH=C:/Program Files/Java/jdk-12/bin/server;C:/Program Files/Java/jdk-12/bin;C:\Windows\system32;C:\Windows;C:\Windows\System32\Wbem;C:\Windows\System32\WindowsPowerShell\v1.0\;C:\Windows\System32\OpenSSH\;C:\Program Files\Common Files\Autodesk Shared\;C:\Program Files\Microsoft SQL Server\120\Tools\Binn\;C:\Users\cheverdyukd8338\AppData\Local\Microsoft\WindowsApps;C:\Users\cheverdyukd8338\AppData\Local\GitHubDesktop\bin;C:\Users\cheverdyukd8338\Desktop;
USERNAME=cheverdyukd8338
OS=Windows_NT
PROCESSOR_IDENTIFIER=Intel64 Family 6 Model 94 Stepping 3, GenuineIntel



---------------  S Y S T E M  ---------------

OS: Windows 10 , 64 bit Build 17763 (10.0.17763.2803)

CPU:total 4 (initial active 4) (4 cores per cpu, 1 threads per core) family 6 model 94 stepping 3, cmov, cx8, fxsr, mmx, sse, sse2, sse3, ssse3, sse4.1, sse4.2, popcnt, avx, avx2, aes, clmul, erms, rtm, 3dnowpref, lzcnt, tsc, tscinvbit, bmi1, bmi2, adx, fma

Memory: 4k page, system-wide physical 16217M (12190M free)
TotalPageFile size 18649M (AvailPageFile size 13298M)
current process WorkingSet (physical memory assigned to process): 102M, peak: 107M
current process commit charge ("private bytes"): 356M, peak: 386M

vm_info: Java HotSpot(TM) 64-Bit Server VM (12+33) for windows-amd64 JRE (12+33), built on Feb 21 2019 02:31:50 by "mach5one" with MS VC++ 15.5 (VS2017)

END.
